<?xml version="1.0" encoding="UTF-8" ?>
<testsuite errors="0" failures="0" hostname="Moises-PC" name="BL.general.AppSingletonTest" tests="26" time="17.019" timestamp="2012-12-14T20:28:18">
  <properties>
[...]
</properties>
  <testcase classname="BL.general.AppSingletonTest" name="testAddMessage" time="0.112" />
  <testcase classname="BL.general.AppSingletonTest" name="testGetIdFromTituloNull" time="0.11" />
  <testcase classname="BL.general.AppSingletonTest" name="testGetResumenNull" time="0.043" />
  <testcase classname="BL.general.AppSingletonTest" name="testGetResumen_Eng" time="0.016" />
  <testcase classname="BL.general.AppSingletonTest" name="testFindPaperNull" time="0.025" />
  <testcase classname="BL.general.AppSingletonTest" name="testGetTituloFromId" time="0.01" />
  <testcase classname="BL.general.AppSingletonTest" name="testGetIdFromTitulo" time="0.007" />
  <testcase classname="BL.general.AppSingletonTest" name="testGetFrasesClave_int" time="0.009" />
  <testcase classname="BL.general.AppSingletonTest" name="testGetPaper_StringNull" time="0.009" />
  <testcase classname="BL.general.AppSingletonTest" name="testGetFrasesClave_intNull" time="0.008" />
  <testcase classname="BL.general.AppSingletonTest" name="testGetTitulosPaper" time="0.005" />
  <testcase classname="BL.general.AppSingletonTest" name="testGetAutores" time="0.011" />
  <testcase classname="BL.general.AppSingletonTest" name="testGetAutoresNull" time="0.069" />
  <testcase classname="BL.general.AppSingletonTest" name="testGetPaper_StringInt" time="0.097" />
  <testcase classname="BL.general.AppSingletonTest" name="testGetPapers_0args" time="0.007" />
  <testcase classname="BL.general.AppSingletonTest" name="testGetPaperBlobNull" time="0.589" />
  <testcase classname="BL.general.AppSingletonTest" name="testGetFrasesClave_StringNull" time="0.205" />
  <testcase classname="BL.general.AppSingletonTest" name="testGetFrasesClave_0args" time="0.009" />
  <testcase classname="BL.general.AppSingletonTest" name="testFindPaper" time="0.013" />
  <testcase classname="BL.general.AppSingletonTest" name="testGetPaper_intNull" time="0.011" />
  <testcase classname="BL.general.AppSingletonTest" name="testGetResumen_EngNull" time="0.009" />
  <testcase classname="BL.general.AppSingletonTest" name="testGetResumen" time="0.008" />
  <testcase classname="BL.general.AppSingletonTest" name="testGetFrasesClave_String" time="0.017" />
  <testcase classname="BL.general.AppSingletonTest" name="testGetTituloFromIdNull" time="0.027" />
  <testcase classname="BL.general.AppSingletonTest" name="testGetPapers_String_String" time="0.019" />
  <testcase classname="BL.general.AppSingletonTest" name="testGetInstance" time="0.001" />
  <system-out><![CDATA[addMessage
getIdFromTitulo
getResumen
getResumen_Eng
findPaper
getTituloFromId
getIdFromTitulo
getFrasesClave
getPaper
getFrasesClave
getTitulosPaper
getAutores
getAutores
getPaper
getPapers
getPaperBlob
getFrasesClave
getFrasesClave
findPaper
getPaper
getResumen_Eng
getResumen
getFrasesClave
getTituloFromId
getPapers
getInstance
]]></system-out>
  <system-err><![CDATA[dic 14, 2012 2:28:23 PM org.hibernate.cfg.annotations.Version <clinit>
INFO: Hibernate Annotations 3.3.1.GA
dic 14, 2012 2:28:23 PM org.hibernate.cfg.Environment <clinit>
INFO: Hibernate 3.2.5
dic 14, 2012 2:28:23 PM org.hibernate.cfg.Environment <clinit>
INFO: hibernate.properties not found
dic 14, 2012 2:28:23 PM org.hibernate.cfg.Environment buildBytecodeProvider
INFO: Bytecode provider name : cglib
dic 14, 2012 2:28:23 PM org.hibernate.cfg.Environment <clinit>
INFO: using JDK 1.4 java.sql.Timestamp handling
dic 14, 2012 2:28:23 PM org.hibernate.cfg.Configuration configure
INFO: configuring from resource: /hibernate.cfg.xml
dic 14, 2012 2:28:23 PM org.hibernate.cfg.Configuration getConfigurationInputStream
INFO: Configuration resource: /hibernate.cfg.xml
dic 14, 2012 2:28:24 PM org.hibernate.cfg.Configuration addResource
INFO: Reading mappings from resource : tablas/TiposTablas.hbm.xml
dic 14, 2012 2:28:25 PM org.hibernate.cfg.Configuration addResource
INFO: Reading mappings from resource : tablas/FrasesClaveXPaper.hbm.xml
dic 14, 2012 2:28:25 PM org.hibernate.cfg.Configuration addResource
INFO: Reading mappings from resource : tablas/Tablas.hbm.xml
dic 14, 2012 2:28:25 PM org.hibernate.cfg.Configuration addResource
INFO: Reading mappings from resource : tablas/ReferenciasBibliograficas.hbm.xml
dic 14, 2012 2:28:25 PM org.hibernate.cfg.Configuration addResource
INFO: Reading mappings from resource : tablas/Permisos.hbm.xml
dic 14, 2012 2:28:25 PM org.hibernate.cfg.Configuration addResource
INFO: Reading mappings from resource : tablas/FormatoPaper.hbm.xml
dic 14, 2012 2:28:25 PM org.hibernate.cfg.Configuration addResource
INFO: Reading mappings from resource : tablas/PermisosXRoles.hbm.xml
dic 14, 2012 2:28:25 PM org.hibernate.cfg.Configuration addResource
INFO: Reading mappings from resource : tablas/FormatoResultados.hbm.xml
dic 14, 2012 2:28:25 PM org.hibernate.cfg.Configuration addResource
INFO: Reading mappings from resource : tablas/Roles.hbm.xml
dic 14, 2012 2:28:25 PM org.hibernate.cfg.Configuration addResource
INFO: Reading mappings from resource : tablas/FormatoTabla.hbm.xml
dic 14, 2012 2:28:25 PM org.hibernate.cfg.Configuration addResource
INFO: Reading mappings from resource : tablas/FormatoMetodologia.hbm.xml
dic 14, 2012 2:28:25 PM org.hibernate.cfg.Configuration addResource
INFO: Reading mappings from resource : tablas/Papers.hbm.xml
dic 14, 2012 2:28:25 PM org.hibernate.cfg.Configuration addResource
INFO: Reading mappings from resource : tablas/UsuariosNoAprobados.hbm.xml
dic 14, 2012 2:28:26 PM org.hibernate.cfg.Configuration addResource
INFO: Reading mappings from resource : tablas/FormatoIntroduccion.hbm.xml
dic 14, 2012 2:28:26 PM org.hibernate.cfg.Configuration addResource
INFO: Reading mappings from resource : tablas/Usuarios.hbm.xml
dic 14, 2012 2:28:26 PM org.hibernate.cfg.Configuration addResource
INFO: Reading mappings from resource : tablas/FormatoPalabrasClave.hbm.xml
dic 14, 2012 2:28:26 PM org.hibernate.cfg.Configuration addResource
INFO: Reading mappings from resource : tablas/FormatoAnexo.hbm.xml
dic 14, 2012 2:28:26 PM org.hibernate.cfg.Configuration addResource
INFO: Reading mappings from resource : tablas/RolesXUsuarios.hbm.xml
dic 14, 2012 2:28:26 PM org.hibernate.cfg.Configuration addResource
INFO: Reading mappings from resource : tablas/AutoresXPaper.hbm.xml
dic 14, 2012 2:28:26 PM org.hibernate.cfg.Configuration addResource
INFO: Reading mappings from resource : tablas/FormatoRevisionLiteratura.hbm.xml
dic 14, 2012 2:28:26 PM org.hibernate.cfg.Configuration addResource
INFO: Reading mappings from resource : tablas/TablasXPaper.hbm.xml
dic 14, 2012 2:28:26 PM org.hibernate.cfg.Configuration addResource
INFO: Reading mappings from resource : tablas/FormatoAgradecimiento.hbm.xml
dic 14, 2012 2:28:26 PM org.hibernate.cfg.Configuration addResource
INFO: Reading mappings from resource : tablas/AlmacenamientoPapers.hbm.xml
dic 14, 2012 2:28:26 PM org.hibernate.cfg.Configuration addResource
INFO: Reading mappings from resource : tablas/FormatoResumen.hbm.xml
dic 14, 2012 2:28:26 PM org.hibernate.cfg.Configuration addResource
INFO: Reading mappings from resource : tablas/Autores.hbm.xml
dic 14, 2012 2:28:26 PM org.hibernate.cfg.Configuration addResource
INFO: Reading mappings from resource : tablas/FormatoReferencias.hbm.xml
dic 14, 2012 2:28:26 PM org.hibernate.cfg.Configuration addResource
INFO: Reading mappings from resource : tablas/FormatoTitulo.hbm.xml
dic 14, 2012 2:28:26 PM org.hibernate.cfg.Configuration addResource
INFO: Reading mappings from resource : tablas/FormatoConclusiones.hbm.xml
dic 14, 2012 2:28:26 PM org.hibernate.cfg.Configuration addResource
INFO: Reading mappings from resource : tablas/ReferenciasXPaper.hbm.xml
dic 14, 2012 2:28:26 PM org.hibernate.cfg.Configuration doConfigure
INFO: Configured SessionFactory: null
dic 14, 2012 2:28:26 PM org.hibernate.cfg.HbmBinder bindRootPersistentClassCommonValues
INFO: Mapping class: tablas.TiposTablas -> tipos_tablas
dic 14, 2012 2:28:26 PM org.hibernate.cfg.HbmBinder bindRootPersistentClassCommonValues
INFO: Mapping class: tablas.FrasesClaveXPaper -> frases_clave_x_paper
dic 14, 2012 2:28:26 PM org.hibernate.cfg.HbmBinder bindRootPersistentClassCommonValues
INFO: Mapping class: tablas.Tablas -> tablas
dic 14, 2012 2:28:26 PM org.hibernate.cfg.HbmBinder bindRootPersistentClassCommonValues
INFO: Mapping class: tablas.ReferenciasBibliograficas -> referencias_bibliograficas
dic 14, 2012 2:28:26 PM org.hibernate.cfg.HbmBinder bindRootPersistentClassCommonValues
INFO: Mapping class: tablas.Permisos -> permisos
dic 14, 2012 2:28:26 PM org.hibernate.cfg.HbmBinder bindRootPersistentClassCommonValues
INFO: Mapping class: tablas.FormatoPaper -> formato_paper
dic 14, 2012 2:28:26 PM org.hibernate.cfg.HbmBinder bindRootPersistentClassCommonValues
INFO: Mapping class: tablas.PermisosXRoles -> permisos_x_roles
dic 14, 2012 2:28:26 PM org.hibernate.cfg.HbmBinder bindRootPersistentClassCommonValues
INFO: Mapping class: tablas.FormatoResultados -> formato_resultados
dic 14, 2012 2:28:26 PM org.hibernate.cfg.HbmBinder bindRootPersistentClassCommonValues
INFO: Mapping class: tablas.Roles -> roles
dic 14, 2012 2:28:26 PM org.hibernate.cfg.HbmBinder bindRootPersistentClassCommonValues
INFO: Mapping class: tablas.FormatoTabla -> formato_tabla
dic 14, 2012 2:28:26 PM org.hibernate.cfg.HbmBinder bindRootPersistentClassCommonValues
INFO: Mapping class: tablas.FormatoMetodologia -> formato_metodologia
dic 14, 2012 2:28:26 PM org.hibernate.cfg.HbmBinder bindRootPersistentClassCommonValues
INFO: Mapping class: tablas.Papers -> papers
dic 14, 2012 2:28:26 PM org.hibernate.cfg.HbmBinder bindRootPersistentClassCommonValues
INFO: Mapping class: tablas.UsuariosNoAprobados -> usuarios_no_aprobados
dic 14, 2012 2:28:26 PM org.hibernate.cfg.HbmBinder bindRootPersistentClassCommonValues
INFO: Mapping class: tablas.FormatoIntroduccion -> formato_introduccion
dic 14, 2012 2:28:26 PM org.hibernate.cfg.HbmBinder bindRootPersistentClassCommonValues
INFO: Mapping class: tablas.Usuarios -> usuarios
dic 14, 2012 2:28:26 PM org.hibernate.cfg.HbmBinder bindRootPersistentClassCommonValues
INFO: Mapping class: tablas.FormatoPalabrasClave -> formato_palabras_clave
dic 14, 2012 2:28:26 PM org.hibernate.cfg.HbmBinder bindRootPersistentClassCommonValues
INFO: Mapping class: tablas.FormatoAnexo -> formato_anexo
dic 14, 2012 2:28:26 PM org.hibernate.cfg.HbmBinder bindRootPersistentClassCommonValues
INFO: Mapping class: tablas.RolesXUsuarios -> roles_x_usuarios
dic 14, 2012 2:28:26 PM org.hibernate.cfg.HbmBinder bindRootPersistentClassCommonValues
INFO: Mapping class: tablas.AutoresXPaper -> autores_x_paper
dic 14, 2012 2:28:26 PM org.hibernate.cfg.HbmBinder bindRootPersistentClassCommonValues
INFO: Mapping class: tablas.FormatoRevisionLiteratura -> formato_revision_literatura
dic 14, 2012 2:28:26 PM org.hibernate.cfg.HbmBinder bindRootPersistentClassCommonValues
INFO: Mapping class: tablas.TablasXPaper -> tablas_x_paper
dic 14, 2012 2:28:26 PM org.hibernate.cfg.HbmBinder bindRootPersistentClassCommonValues
INFO: Mapping class: tablas.FormatoAgradecimiento -> formato_agradecimiento
dic 14, 2012 2:28:26 PM org.hibernate.cfg.HbmBinder bindRootPersistentClassCommonValues
INFO: Mapping class: tablas.AlmacenamientoPapers -> almacenamiento_papers
dic 14, 2012 2:28:26 PM org.hibernate.cfg.HbmBinder bindRootPersistentClassCommonValues
INFO: Mapping class: tablas.FormatoResumen -> formato_resumen
dic 14, 2012 2:28:26 PM org.hibernate.cfg.HbmBinder bindRootPersistentClassCommonValues
INFO: Mapping class: tablas.Autores -> autores
dic 14, 2012 2:28:26 PM org.hibernate.cfg.HbmBinder bindRootPersistentClassCommonValues
INFO: Mapping class: tablas.FormatoReferencias -> formato_referencias
dic 14, 2012 2:28:26 PM org.hibernate.cfg.HbmBinder bindRootPersistentClassCommonValues
INFO: Mapping class: tablas.FormatoTitulo -> formato_titulo
dic 14, 2012 2:28:26 PM org.hibernate.cfg.HbmBinder bindRootPersistentClassCommonValues
INFO: Mapping class: tablas.FormatoConclusiones -> formato_conclusiones
dic 14, 2012 2:28:26 PM org.hibernate.cfg.HbmBinder bindRootPersistentClassCommonValues
INFO: Mapping class: tablas.ReferenciasXPaper -> referencias_x_paper
dic 14, 2012 2:28:27 PM org.hibernate.cfg.AnnotationConfiguration secondPassCompile
INFO: Hibernate Validator not found: ignoring
dic 14, 2012 2:28:27 PM org.hibernate.connection.ConnectionProviderFactory newConnectionProvider
INFO: Initializing connection provider: org.hibernate.connection.C3P0ConnectionProvider
dic 14, 2012 2:28:27 PM org.hibernate.connection.C3P0ConnectionProvider configure
INFO: C3P0 using driver: com.mysql.jdbc.Driver at URL: jdbc:mysql://localhost:3306/papergeneratordb?zeroDateTimeBehavior=convertToNull
dic 14, 2012 2:28:27 PM org.hibernate.connection.C3P0ConnectionProvider configure
INFO: Connection properties: {user=root, password=****}
dic 14, 2012 2:28:27 PM org.hibernate.connection.C3P0ConnectionProvider configure
INFO: autocommit mode: false
dic 14, 2012 2:28:27 PM com.mchange.v2.log.MLog <clinit>
INFO: MLog clients using java 1.4+ standard logging.
dic 14, 2012 2:28:30 PM com.mchange.v2.c3p0.C3P0Registry banner
INFO: Initializing c3p0-0.9.1.2 [built 21-May-2007 15:04:56; debug? true; trace: 10]
dic 14, 2012 2:28:30 PM com.mchange.v2.c3p0.impl.AbstractPoolBackedDataSource getPoolManager
INFO: Initializing c3p0 pool... com.mchange.v2.c3p0.PoolBackedDataSource@f3a90d79 [ connectionPoolDataSource -> com.mchange.v2.c3p0.WrapperConnectionPoolDataSource@e5826899 [ acquireIncrement -> 1, acquireRetryAttempts -> 30, acquireRetryDelay -> 1000, autoCommitOnClose -> false, automaticTestTable -> null, breakAfterAcquireFailure -> false, checkoutTimeout -> 0, connectionCustomizerClassName -> null, connectionTesterClassName -> com.mchange.v2.c3p0.impl.DefaultConnectionTester, debugUnreturnedConnectionStackTraces -> false, factoryClassLocation -> null, forceIgnoreUnresolvedTransactions -> false, identityToken -> 1bqovag8r171ae4y1psgj0y|5bdd369f, idleConnectionTestPeriod -> 100, initialPoolSize -> 5, maxAdministrativeTaskTime -> 0, maxConnectionAge -> 0, maxIdleTime -> 1800, maxIdleTimeExcessConnections -> 0, maxPoolSize -> 100, maxStatements -> 50, maxStatementsPerConnection -> 0, minPoolSize -> 5, nestedDataSource -> com.mchange.v2.c3p0.DriverManagerDataSource@1523f65c [ description -> null, driverClass -> null, factoryClassLocation -> null, identityToken -> 1bqovag8r171ae4y1psgj0y|1a072412, jdbcUrl -> jdbc:mysql://localhost:3306/papergeneratordb?zeroDateTimeBehavior=convertToNull, properties -> {user=******, password=******} ], preferredTestQuery -> null, propertyCycle -> 0, testConnectionOnCheckin -> false, testConnectionOnCheckout -> false, unreturnedConnectionTimeout -> 0, usesTraditionalReflectiveProxies -> false; userOverrides: {} ], dataSourceName -> null, factoryClassLocation -> null, identityToken -> 1bqovag8r171ae4y1psgj0y|5324a927, numHelperThreads -> 3 ]
dic 14, 2012 2:28:31 PM org.hibernate.cfg.SettingsFactory buildSettings
INFO: RDBMS: MySQL, version: 5.5.25
dic 14, 2012 2:28:31 PM org.hibernate.cfg.SettingsFactory buildSettings
INFO: JDBC driver: MySQL-AB JDBC Driver, version: mysql-connector-java-5.1.13 ( Revision: ${bzr.revision-id} )
dic 14, 2012 2:28:31 PM org.hibernate.dialect.Dialect <init>
INFO: Using dialect: org.hibernate.dialect.MySQLDialect
dic 14, 2012 2:28:31 PM org.hibernate.transaction.TransactionFactoryFactory buildTransactionFactory
INFO: Using default transaction strategy (direct JDBC transactions)
dic 14, 2012 2:28:31 PM org.hibernate.transaction.TransactionManagerLookupFactory getTransactionManagerLookup
INFO: No TransactionManagerLookup configured (in JTA environment, use of read-write or transactional second-level cache is not recommended)
dic 14, 2012 2:28:31 PM org.hibernate.cfg.SettingsFactory buildSettings
INFO: Automatic flush during beforeCompletion(): disabled
dic 14, 2012 2:28:31 PM org.hibernate.cfg.SettingsFactory buildSettings
INFO: Automatic session close at end of transaction: disabled
dic 14, 2012 2:28:31 PM org.hibernate.cfg.SettingsFactory buildSettings
INFO: JDBC batch size: 15
dic 14, 2012 2:28:31 PM org.hibernate.cfg.SettingsFactory buildSettings
INFO: JDBC batch updates for versioned data: disabled
dic 14, 2012 2:28:31 PM org.hibernate.cfg.SettingsFactory buildSettings
INFO: Scrollable result sets: enabled
dic 14, 2012 2:28:31 PM org.hibernate.cfg.SettingsFactory buildSettings
INFO: JDBC3 getGeneratedKeys(): enabled
dic 14, 2012 2:28:31 PM org.hibernate.cfg.SettingsFactory buildSettings
INFO: Connection release mode: auto
dic 14, 2012 2:28:31 PM org.hibernate.cfg.SettingsFactory buildSettings
INFO: Maximum outer join fetch depth: 2
dic 14, 2012 2:28:31 PM org.hibernate.cfg.SettingsFactory buildSettings
INFO: Default batch fetch size: 1
dic 14, 2012 2:28:31 PM org.hibernate.cfg.SettingsFactory buildSettings
INFO: Generate SQL with comments: disabled
dic 14, 2012 2:28:31 PM org.hibernate.cfg.SettingsFactory buildSettings
INFO: Order SQL updates by primary key: disabled
dic 14, 2012 2:28:31 PM org.hibernate.cfg.SettingsFactory buildSettings
INFO: Order SQL inserts for batching: disabled
dic 14, 2012 2:28:31 PM org.hibernate.cfg.SettingsFactory createQueryTranslatorFactory
INFO: Query translator: org.hibernate.hql.classic.ClassicQueryTranslatorFactory
dic 14, 2012 2:28:31 PM org.hibernate.cfg.SettingsFactory buildSettings
INFO: Query language substitutions: {}
dic 14, 2012 2:28:31 PM org.hibernate.cfg.SettingsFactory buildSettings
INFO: JPA-QL strict compliance: disabled
dic 14, 2012 2:28:31 PM org.hibernate.cfg.SettingsFactory buildSettings
INFO: Second-level cache: enabled
dic 14, 2012 2:28:31 PM org.hibernate.cfg.SettingsFactory buildSettings
INFO: Query cache: disabled
dic 14, 2012 2:28:31 PM org.hibernate.cfg.SettingsFactory createCacheProvider
INFO: Cache provider: org.hibernate.cache.NoCacheProvider
dic 14, 2012 2:28:31 PM org.hibernate.cfg.SettingsFactory buildSettings
INFO: Optimize cache for minimal puts: disabled
dic 14, 2012 2:28:31 PM org.hibernate.cfg.SettingsFactory buildSettings
INFO: Structured second-level cache entries: disabled
dic 14, 2012 2:28:31 PM org.hibernate.cfg.SettingsFactory buildSettings
INFO: Statistics: disabled
dic 14, 2012 2:28:31 PM org.hibernate.cfg.SettingsFactory buildSettings
INFO: Deleted entity synthetic identifier rollback: disabled
dic 14, 2012 2:28:31 PM org.hibernate.cfg.SettingsFactory buildSettings
INFO: Default entity-mode: pojo
dic 14, 2012 2:28:31 PM org.hibernate.cfg.SettingsFactory buildSettings
INFO: Named query checking : enabled
dic 14, 2012 2:28:31 PM org.hibernate.impl.SessionFactoryImpl <init>
INFO: building session factory
dic 14, 2012 2:28:32 PM org.hibernate.impl.SessionFactoryObjectFactory addInstance
INFO: Not binding factory to JNDI, no JNDI name configured
]]></system-err>
</testsuite>
